[0.032s] Invoking command in '/home/robomaster/ros2-hik-camera/build/hik_camera': CMAKE_PREFIX_PATH=/opt/ros/humble /usr/bin/cmake --build /home/robomaster/ros2-hik-camera/build/hik_camera -- -j16 -l16
[0.067s] [ 50%] [32mBuilding CXX object CMakeFiles/hik_camera.dir/src/hik_camera_node.cpp.o[0m
[0.067s] [ 75%] Built target hik_camera_node
[1.390s] [01m[K/home/robomaster/ros2-hik-camera/src/hik_camera_node.cpp:[m[K In constructor â€˜[01m[Khik_camera::HikCameraNode::HikCameraNode(const rclcpp::NodeOptions&)[m[Kâ€™:
[1.390s] [01m[K/home/robomaster/ros2-hik-camera/src/hik_camera_node.cpp:35:20:[m[K [01;31m[Kerror: [m[Kâ€˜[01m[Kture[m[Kâ€™ was not declared in this scope
[1.391s]    35 | bool bSetBoolValue=[01;31m[Kture[m[K;
[1.391s]       |                    [01;31m[K^~~~[m[K
[1.735s] gmake[2]: *** [CMakeFiles/hik_camera.dir/build.make:76ï¼šCMakeFiles/hik_camera.dir/src/hik_camera_node.cpp.o] é”™è¯¯ 1
[1.736s] gmake[1]: *** [CMakeFiles/Makefile2:139ï¼šCMakeFiles/hik_camera.dir/all] é”™è¯¯ 2
[1.736s] gmake: *** [Makefile:146ï¼šall] é”™è¯¯ 2
[1.737s] Invoked command in '/home/robomaster/ros2-hik-camera/build/hik_camera' returned '2': CMAKE_PREFIX_PATH=/opt/ros/humble /usr/bin/cmake --build /home/robomaster/ros2-hik-camera/build/hik_camera -- -j16 -l16
